Determining if the pthread_create exist failed with the following output:
Change Dir: /home/viscan/CLionProjects/test/cmake-build-debug/CMakeFiles/CMakeTmp

Run Build Command:"/usr/bin/make" "cmTC_c3c83/fast"
/usr/bin/make -f CMakeFiles/cmTC_c3c83.dir/build.make CMakeFiles/cmTC_c3c83.dir/build
make[1]: Entering directory '/home/viscan/CLionProjects/test/cmake-build-debug/CMakeFiles/CMakeTmp'
Building C object CMakeFiles/cmTC_c3c83.dir/CheckSymbolExists.c.o
/usr/bin/cc    -o CMakeFiles/cmTC_c3c83.dir/CheckSymbolExists.c.o   -c /home/viscan/CLionProjects/test/cmake-build-debug/CMakeFiles/CMakeTmp/CheckSymbolExists.c
Linking C executable cmTC_c3c83
/home/viscan/CLion-2018.1.3/clion-2018.1.3/bin/cmake/bin/cmake -E cmake_link_script CMakeFiles/cmTC_c3c83.dir/link.txt --verbose=1
/usr/bin/cc      CMakeFiles/cmTC_c3c83.dir/CheckSymbolExists.c.o  -o cmTC_c3c83 
CMakeFiles/cmTC_c3c83.dir/CheckSymbolExists.c.o: In function `main':
CheckSymbolExists.c:(.text+0x1b): undefined reference to `pthread_create'
collect2: error: ld returned 1 exit status
CMakeFiles/cmTC_c3c83.dir/build.make:97: recipe for target 'cmTC_c3c83' failed
make[1]: *** [cmTC_c3c83] Error 1
make[1]: Leaving directory '/home/viscan/CLionProjects/test/cmake-build-debug/CMakeFiles/CMakeTmp'
Makefile:126: recipe for target 'cmTC_c3c83/fast' failed
make: *** [cmTC_c3c83/fast] Error 2

File /home/viscan/CLionProjects/test/cmake-build-debug/CMakeFiles/CMakeTmp/CheckSymbolExists.c:
/* */
#include <pthread.h>

int main(int argc, char** argv)
{
  (void)argv;
#ifndef pthread_create
  return ((int*)(&pthread_create))[argc];
#else
  (void)argc;
  return 0;
#endif
}

Determining if the function pthread_create exists in the pthreads failed with the following output:
Change Dir: /home/viscan/CLionProjects/test/cmake-build-debug/CMakeFiles/CMakeTmp

Run Build Command:"/usr/bin/make" "cmTC_6d79b/fast"
/usr/bin/make -f CMakeFiles/cmTC_6d79b.dir/build.make CMakeFiles/cmTC_6d79b.dir/build
make[1]: Entering directory '/home/viscan/CLionProjects/test/cmake-build-debug/CMakeFiles/CMakeTmp'
Building C object CMakeFiles/cmTC_6d79b.dir/CheckFunctionExists.c.o
/usr/bin/cc   -DCHECK_FUNCTION_EXISTS=pthread_create   -o CMakeFiles/cmTC_6d79b.dir/CheckFunctionExists.c.o   -c /home/viscan/CLion-2018.1.3/clion-2018.1.3/bin/cmake/share/cmake-3.10/Modules/CheckFunctionExists.c
Linking C executable cmTC_6d79b
/home/viscan/CLion-2018.1.3/clion-2018.1.3/bin/cmake/bin/cmake -E cmake_link_script CMakeFiles/cmTC_6d79b.dir/link.txt --verbose=1
/usr/bin/cc  -DCHECK_FUNCTION_EXISTS=pthread_create    CMakeFiles/cmTC_6d79b.dir/CheckFunctionExists.c.o  -o cmTC_6d79b -lpthreads 
/usr/bin/ld: cannot find -lpthreads
collect2: error: ld returned 1 exit status
CMakeFiles/cmTC_6d79b.dir/build.make:97: recipe for target 'cmTC_6d79b' failed
make[1]: *** [cmTC_6d79b] Error 1
make[1]: Leaving directory '/home/viscan/CLionProjects/test/cmake-build-debug/CMakeFiles/CMakeTmp'
Makefile:126: recipe for target 'cmTC_6d79b/fast' failed
make: *** [cmTC_6d79b/fast] Error 2


